-------------
-------------
-------------
-------------
-------------
-------------
-------------
8
changes: 0   total_changes: 0
6
changes: 0   total_changes: 0
8
changes: 0   total_changes: 0
6
changes: 0   total_changes: 0
-------------
32
84
83
71
24
81
64
44
105
38
100
30
108
58
59
57
36
68
102
78
104
91
26
86
90
47
65
94
40
39
85
110
changes: 0   total_changes: 0
32
84
83
71
24
81
64
44
105
38
100
30
108
58
59
57
36
68
102
78
104
91
26
86
90
47
65
94
40
39
85
110
changes: 0   total_changes: 0
-------------
-------------
-------------
Duky
Amity
Elena
Lynn
Valentijn
changes: 0   total_changes: 0
Duky
Amity
Elena
Lynn
Valentijn
changes: 0   total_changes: 0
